2026-06-01 11:06:38,903 - INFO - 这是一条 INFO 日志
2026-06-01 11:06:38,903 - WARNING - 这是一条 WARNING 日志
2026-06-01 11:06:38,903 - ERROR - 这是一条 ERROR 日志
2026-06-01 11:06:38,903 - CRITICAL - 这是一条 CRITICAL 日志
2026-06-01 11:09:56,937 - INFO - 这是一条 INFO 日志
2026-06-01 11:09:56,937 - WARNING - 这是一条 WARNING 日志
2026-06-01 11:09:56,937 - ERROR - 这是一条 ERROR 日志
2026-06-01 11:09:56,937 - CRITICAL - 这是一条 CRITICAL 日志
2026-06-01 11:12:04,266 - INFO - Conso 任务奖励系统启动
2026-06-01 11:12:08,547 - INFO - 用户选择菜单: 15
2026-06-01 11:12:08,547 - WARNING - 用户输入了无效菜单: 15
2026-06-01 11:12:16,380 - INFO - 用户选择菜单: 2
2026-06-01 11:12:28,658 - INFO - 用户选择菜单: 3
2026-06-01 11:12:30,084 - INFO - 用户选择菜单: 1
2026-06-01 11:12:57,877 - INFO - Conso 任务奖励系统启动
2026-06-01 11:12:59,619 - INFO - 用户选择菜单: 2
2026-06-01 11:12:59,620 - INFO - 开始执行菜单功能: 2
2026-06-01 11:12:59,620 - INFO - 菜单功能执行完成: 2
2026-06-01 11:13:58,820 - INFO - 用户选择菜单: 
2026-06-01 11:13:58,821 - WARNING - 用户输入了无效菜单: 
2026-06-01 11:14:00,085 - INFO - 用户选择菜单: q
2026-06-01 11:14:06,641 - INFO - Conso 任务奖励系统启动
2026-06-01 11:14:13,502 - INFO - 用户选择菜单: 1
2026-06-01 11:14:13,502 - INFO - 开始执行菜单功能: 1
2026-06-01 11:14:35,322 - INFO - 菜单功能执行完成: 1
2026-06-01 11:14:37,334 - INFO - 用户选择菜单: 2
2026-06-01 11:14:37,334 - INFO - 开始执行菜单功能: 2
2026-06-01 11:14:37,335 - INFO - 菜单功能执行完成: 2
2026-06-01 11:21:33,570 - INFO - Conso 任务奖励系统启动
2026-06-01 11:21:35,006 - INFO - 用户选择菜单: q
2026-06-01 11:21:35,007 - INFO - 用户退出系统
2026-06-01 11:21:47,444 - INFO - Conso 任务奖励系统启动
2026-06-01 11:21:49,704 - INFO - 用户选择菜单: 3124324
2026-06-01 11:21:49,705 - WARNING - 用户输入了无效菜单: 3124324
2026-06-01 11:26:18,299 - INFO - Conso 任务奖励系统启动
2026-06-01 11:26:20,768 - INFO - 用户选择菜单: 888
2026-06-01 11:26:20,768 - WARNING - 用户输入了无效菜单: 888
2026-06-01 11:27:21,504 - INFO - Conso 任务奖励系统启动
2026-06-01 11:27:24,285 - INFO - 用户选择菜单: 21342134
2026-06-01 11:27:24,285 - WARNING - 用户输入了无效菜单: 21342134
2026-06-01 11:28:07,801 - INFO - Conso 任务奖励系统启动
2026-06-01 11:28:10,228 - INFO - 用户选择菜单: 7
2026-06-01 11:28:10,229 - INFO - 开始执行菜单功能: 7
2026-06-01 11:28:10,229 - INFO - 菜单功能执行完成: 7
2026-06-01 11:28:30,080 - INFO - Conso 任务奖励系统启动
2026-06-01 11:28:32,173 - INFO - 用户选择菜单: 7
2026-06-01 11:28:32,173 - INFO - 开始执行菜单功能: 7
2026-06-01 11:28:32,174 - INFO - 菜单功能执行完成: 7
2026-06-01 11:29:25,085 - INFO - Conso 任务奖励系统启动
2026-06-01 11:29:26,743 - INFO - 用户选择菜单: 7
2026-06-01 11:29:26,744 - INFO - 开始执行菜单功能: 7
2026-06-01 11:29:26,744 - INFO - 菜单功能执行完成: 7
2026-06-01 11:29:56,641 - INFO - Conso 任务奖励系统启动
2026-06-01 11:29:58,561 - INFO - 用户选择菜单: 7
2026-06-01 11:29:58,563 - INFO - 开始执行菜单功能: 7
2026-06-01 11:29:58,563 - INFO - 菜单功能执行完成: 7
2026-06-01 11:30:33,123 - INFO - Conso 任务奖励系统启动
2026-06-01 11:30:35,662 - INFO - 用户选择菜单: 7
2026-06-01 11:30:35,662 - INFO - 开始执行菜单功能: 7
2026-06-01 11:30:35,663 - INFO - 菜单功能执行完成: 7
2026-06-01 11:33:30,837 - INFO - Conso 任务奖励系统启动
2026-06-01 11:33:42,487 - INFO - Conso 任务奖励系统启动
2026-06-01 11:33:44,919 - INFO - 用户选择菜单: 7
2026-06-01 11:33:44,920 - INFO - 开始执行菜单功能: 7
2026-06-01 11:33:44,921 - ERROR - 执行菜单功能失败: 7, 错误信息: name 'stat' is not defined
Traceback (most recent call last):
  File "/Users/hank/Desktop/task-game/taskgane-v1.py", line 49, in main
    action(tasks_data)
    ~~~~~~^^^^^^^^^^^^
  File "/Users/hank/Desktop/task-game/views.py", line 51, in show_task_stats
    stat(tasks_data)
    ^^^^
NameError: name 'stat' is not defined. Did you forget to import 'stat'?
2026-06-01 11:34:12,225 - INFO - Conso 任务奖励系统启动
2026-06-01 12:12:14,728 - INFO - Conso 任务奖励系统启动
2026-06-01 12:12:14,729 - INFO - 任务数据读取成功，共 5 条任务
2026-06-01 12:12:16,258 - INFO - 用户选择菜单: 1
2026-06-01 12:12:16,258 - INFO - 开始执行菜单功能: 1
2026-06-01 12:12:25,866 - INFO - 菜单功能执行完成: 1
2026-06-01 12:20:57,815 - INFO - Conso 任务奖励系统启动
2026-06-01 12:20:57,815 - INFO - 任务数据读取成功，共 6 条任务
2026-06-01 12:20:59,525 - INFO - 用户选择菜单: 1
2026-06-01 12:20:59,526 - INFO - 开始执行菜单功能: 1
2026-06-01 12:21:06,020 - INFO - 任务数据保存成功，共 7 条任务
2026-06-01 12:21:06,020 - INFO - 菜单功能执行完成: 1
2026-06-01 12:21:41,215 - INFO - Conso 任务奖励系统启动
2026-06-01 12:21:41,215 - INFO - 任务数据读取成功，共 7 条任务
2026-06-01 12:21:43,136 - INFO - 用户选择菜单: 7
2026-06-01 12:21:43,136 - INFO - 开始执行菜单功能: 7
2026-06-01 12:21:43,136 - ERROR - 执行菜单功能失败: 7, 错误信息: 测试统计功能异常
Traceback (most recent call last):
  File "/Users/hank/Desktop/task-game/taskgane-v1.py", line 49, in main
    action(tasks_data)
    ~~~~~~^^^^^^^^^^^^
  File "/Users/hank/Desktop/task-game/views.py", line 51, in show_task_stats
    stats = calculate_task_stats(tasks_data)
  File "/Users/hank/Desktop/task-game/task_helpers.py", line 51, in calculate_task_stats
    raise Exception("测试统计功能异常")
Exception: 测试统计功能异常
2026-06-01 12:27:49,566 - INFO - Conso 任务奖励系统启动
2026-06-01 12:27:49,566 - INFO - 任务数据读取成功，共 7 条任务
2026-06-01 12:27:50,568 - INFO - 用户选择菜单: 
2026-06-01 12:27:50,568 - WARNING - 用户输入了无效菜单: 
2026-06-01 12:27:53,974 - INFO - 用户选择菜单: 8
2026-06-01 12:27:53,974 - INFO - 开始执行菜单功能: 8
2026-06-01 12:28:57,117 - INFO - Conso 任务奖励系统启动
2026-06-01 12:28:57,117 - INFO - 任务数据读取成功，共 7 条任务
2026-06-01 12:29:06,698 - INFO - 用户选择菜单: 10
2026-06-01 12:29:06,698 - INFO - 开始执行菜单功能: 10
2026-06-01 12:29:11,371 - INFO - 菜单功能执行完成: 10
2026-06-01 12:30:30,069 - INFO - Conso 任务奖励系统启动
2026-06-01 12:30:30,069 - INFO - 数据文件不存在，将使用空的任务列表
2026-06-01 12:30:33,059 - INFO - 用户选择菜单: 2
2026-06-01 12:30:33,059 - INFO - 开始执行菜单功能: 2
2026-06-01 12:30:33,059 - INFO - 菜单功能执行完成: 2
2026-06-01 12:31:02,044 - INFO - 用户选择菜单: 1
2026-06-01 12:31:02,045 - INFO - 开始执行菜单功能: 1
2026-06-01 12:31:08,980 - INFO - 任务数据保存成功，共 1 条任务
2026-06-01 12:31:08,980 - INFO - 菜单功能执行完成: 1
2026-06-01 12:31:25,926 - INFO - Conso 任务奖励系统启动
2026-06-01 12:31:25,926 - INFO - 任务数据读取成功，共 7 条任务
2026-06-01 12:31:26,994 - INFO - 用户选择菜单: 2
2026-06-01 12:31:26,994 - INFO - 开始执行菜单功能: 2
2026-06-01 12:31:26,994 - INFO - 菜单功能执行完成: 2
2026-06-01 12:31:31,615 - INFO - 用户选择菜单: 4
2026-06-01 12:31:31,616 - INFO - 开始执行菜单功能: 4
2026-06-01 12:31:39,243 - INFO - 任务数据保存成功，共 6 条任务
2026-06-01 12:31:39,243 - INFO - 菜单功能执行完成: 4
2026-06-01 12:31:39,929 - INFO - 用户选择菜单: 2
2026-06-01 12:31:39,929 - INFO - 开始执行菜单功能: 2
2026-06-01 12:31:39,930 - INFO - 菜单功能执行完成: 2
